<?xml version="1.0" encoding="UTF-8"?>
<testsuite xmlns:xsi="http://www.w3.org/2001/XMLSchema-instance" xsi:noNamespaceSchemaLocation="https://maven.apache.org/surefire/maven-surefire-plugin/xsd/surefire-test-report.xsd" name="com.parkit.parkingsystem.dao.TicketDAOTest" time="1.386" tests="9" errors="0" skipped="0" failures="0">
  <properties>
    <property name="sun.desktop" value="windows"/>
    <property name="awt.toolkit" value="sun.awt.windows.WToolkit"/>
    <property name="file.encoding.pkg" value="sun.io"/>
    <property name="java.specification.version" value="1.8"/>
    <property name="sun.cpu.isalist" value="amd64"/>
    <property name="sun.jnu.encoding" value="Cp1252"/>
    <property name="java.class.path" value="D:\DevInformatique\_OpenClasseRoom_DeveloppeurApllicationJava\P4_aulombard_geoffrey\parkingSystem\target\test-classes;D:\DevInformatique\_OpenClasseRoom_DeveloppeurApllicationJava\P4_aulombard_geoffrey\parkingSystem\target\classes;D:\DevInformatique\environnement\maven\repository\org\apache\logging\log4j\log4j-api\2.12.1\log4j-api-2.12.1.jar;D:\DevInformatique\environnement\maven\repository\org\apache\logging\log4j\log4j-core\2.12.1\log4j-core-2.12.1.jar;D:\DevInformatique\environnement\maven\repository\mysql\mysql-connector-java\8.0.17\mysql-connector-java-8.0.17.jar;D:\DevInformatique\environnement\maven\repository\com\google\protobuf\protobuf-java\3.6.1\protobuf-java-3.6.1.jar;D:\DevInformatique\environnement\maven\repository\org\junit\jupiter\junit-jupiter-api\5.3.2\junit-jupiter-api-5.3.2.jar;D:\DevInformatique\environnement\maven\repository\org\apiguardian\apiguardian-api\1.0.0\apiguardian-api-1.0.0.jar;D:\DevInformatique\environnement\maven\repository\org\opentest4j\opentest4j\1.1.1\opentest4j-1.1.1.jar;D:\DevInformatique\environnement\maven\repository\org\junit\platform\junit-platform-commons\1.3.2\junit-platform-commons-1.3.2.jar;D:\DevInformatique\environnement\maven\repository\org\junit\jupiter\junit-jupiter-engine\5.3.2\junit-jupiter-engine-5.3.2.jar;D:\DevInformatique\environnement\maven\repository\org\junit\platform\junit-platform-engine\1.3.2\junit-platform-engine-1.3.2.jar;D:\DevInformatique\environnement\maven\repository\org\mockito\mockito-junit-jupiter\2.23.4\mockito-junit-jupiter-2.23.4.jar;D:\DevInformatique\environnement\maven\repository\org\mockito\mockito-core\2.23.4\mockito-core-2.23.4.jar;D:\DevInformatique\environnement\maven\repository\net\bytebuddy\byte-buddy\1.9.3\byte-buddy-1.9.3.jar;D:\DevInformatique\environnement\maven\repository\net\bytebuddy\byte-buddy-agent\1.9.3\byte-buddy-agent-1.9.3.jar;D:\DevInformatique\environnement\maven\repository\org\objenesis\objenesis\2.6\objenesis-2.6.jar;D:\DevInformatique\environnement\maven\repository\org\jacoco\jacoco-maven-plugin\0.8.5\jacoco-maven-plugin-0.8.5.jar;D:\DevInformatique\environnement\maven\repository\org\apache\maven\maven-plugin-api\3.0\maven-plugin-api-3.0.jar;D:\DevInformatique\environnement\maven\repository\org\sonatype\sisu\sisu-inject-plexus\1.4.2\sisu-inject-plexus-1.4.2.jar;D:\DevInformatique\environnement\maven\repository\org\sonatype\sisu\sisu-inject-bean\1.4.2\sisu-inject-bean-1.4.2.jar;D:\DevInformatique\environnement\maven\repository\org\sonatype\sisu\sisu-guice\2.1.7\sisu-guice-2.1.7-noaop.jar;D:\DevInformatique\environnement\maven\repository\org\apache\maven\maven-core\3.0\maven-core-3.0.jar;D:\DevInformatique\environnement\maven\repository\org\apache\maven\maven-repository-metadata\3.0\maven-repository-metadata-3.0.jar;D:\DevInformatique\environnement\maven\repository\org\apache\maven\maven-model-builder\3.0\maven-model-builder-3.0.jar;D:\DevInformatique\environnement\maven\repository\org\apache\maven\maven-aether-provider\3.0\maven-aether-provider-3.0.jar;D:\DevInformatique\environnement\maven\repository\org\sonatype\aether\aether-impl\1.7\aether-impl-1.7.jar;D:\DevInformatique\environnement\maven\repository\org\sonatype\aether\aether-spi\1.7\aether-spi-1.7.jar;D:\DevInformatique\environnement\maven\repository\org\sonatype\aether\aether-api\1.7\aether-api-1.7.jar;D:\DevInformatique\environnement\maven\repository\org\sonatype\aether\aether-util\1.7\aether-util-1.7.jar;D:\DevInformatique\environnement\maven\repository\org\codehaus\plexus\plexus-classworlds\2.2.3\plexus-classworlds-2.2.3.jar;D:\DevInformatique\environnement\maven\repository\org\sonatype\plexus\plexus-sec-dispatcher\1.3\plexus-sec-dispatcher-1.3.jar;D:\DevInformatique\environnement\maven\repository\org\sonatype\plexus\plexus-cipher\1.4\plexus-cipher-1.4.jar;D:\DevInformatique\environnement\maven\repository\org\codehaus\plexus\plexus-utils\3.0.22\plexus-utils-3.0.22.jar;D:\DevInformatique\environnement\maven\repository\org\apache\maven\shared\file-management\1.2.1\file-management-1.2.1.jar;D:\DevInformatique\environnement\maven\repository\org\apache\maven\reporting\maven-reporting-api\3.0\maven-reporting-api-3.0.jar;D:\DevInformatique\environnement\maven\repository\org\apache\maven\reporting\maven-reporting-impl\2.1\maven-reporting-impl-2.1.jar;D:\DevInformatique\environnement\maven\repository\org\apache\maven\maven-project\2.0.10\maven-project-2.0.10.jar;D:\DevInformatique\environnement\maven\repository\org\apache\maven\maven-profile\2.0.10\maven-profile-2.0.10.jar;D:\DevInformatique\environnement\maven\repository\org\apache\maven\maven-plugin-registry\2.0.10\maven-plugin-registry-2.0.10.jar;D:\DevInformatique\environnement\maven\repository\commons-validator\commons-validator\1.2.0\commons-validator-1.2.0.jar;D:\DevInformatique\environnement\maven\repository\xml-apis\xml-apis\1.0.b2\xml-apis-1.0.b2.jar;D:\DevInformatique\environnement\maven\repository\org\jacoco\org.jacoco.agent\0.8.5\org.jacoco.agent-0.8.5-runtime.jar;D:\DevInformatique\environnement\maven\repository\org\jacoco\org.jacoco.core\0.8.5\org.jacoco.core-0.8.5.jar;D:\DevInformatique\environnement\maven\repository\org\ow2\asm\asm\7.2\asm-7.2.jar;D:\DevInformatique\environnement\maven\repository\org\ow2\asm\asm-commons\7.2\asm-commons-7.2.jar;D:\DevInformatique\environnement\maven\repository\org\ow2\asm\asm-analysis\7.2\asm-analysis-7.2.jar;D:\DevInformatique\environnement\maven\repository\org\ow2\asm\asm-tree\7.2\asm-tree-7.2.jar;D:\DevInformatique\environnement\maven\repository\org\jacoco\org.jacoco.report\0.8.5\org.jacoco.report-0.8.5.jar;D:\DevInformatique\environnement\maven\repository\org\apache\maven\plugins\maven-assembly-plugin\3.0.0\maven-assembly-plugin-3.0.0.jar;D:\DevInformatique\environnement\maven\repository\org\apache\maven\maven-artifact\3.0\maven-artifact-3.0.jar;D:\DevInformatique\environnement\maven\repository\org\apache\maven\maven-model\3.0\maven-model-3.0.jar;D:\DevInformatique\environnement\maven\repository\org\apache\maven\shared\maven-common-artifact-filters\3.0.1\maven-common-artifact-filters-3.0.1.jar;D:\DevInformatique\environnement\maven\repository\org\apache\maven\shared\maven-shared-utils\3.1.0\maven-shared-utils-3.1.0.jar;D:\DevInformatique\environnement\maven\repository\org\apache\maven\shared\maven-artifact-transfer\0.9.0\maven-artifact-transfer-0.9.0.jar;D:\DevInformatique\environnement\maven\repository\org\slf4j\slf4j-api\1.7.5\slf4j-api-1.7.5.jar;D:\DevInformatique\environnement\maven\repository\org\codehaus\plexus\plexus-interpolation\1.24\plexus-interpolation-1.24.jar;D:\DevInformatique\environnement\maven\repository\org\codehaus\plexus\plexus-archiver\3.4\plexus-archiver-3.4.jar;D:\DevInformatique\environnement\maven\repository\org\apache\commons\commons-compress\1.11\commons-compress-1.11.jar;D:\DevInformatique\environnement\maven\repository\org\iq80\snappy\snappy\0.4\snappy-0.4.jar;D:\DevInformatique\environnement\maven\repository\org\tukaani\xz\1.5\xz-1.5.jar;D:\DevInformatique\environnement\maven\repository\org\apache\maven\shared\maven-shared-io\3.0.0\maven-shared-io-3.0.0.jar;D:\DevInformatique\environnement\maven\repository\commons-io\commons-io\2.5\commons-io-2.5.jar;D:\DevInformatique\environnement\maven\repository\org\apache\maven\shared\maven-filtering\3.1.1\maven-filtering-3.1.1.jar;D:\DevInformatique\environnement\maven\repository\org\codehaus\plexus\plexus-io\2.7.1\plexus-io-2.7.1.jar;D:\DevInformatique\environnement\maven\repository\org\apache\maven\maven-archiver\3.1.1\maven-archiver-3.1.1.jar;D:\DevInformatique\environnement\maven\repository\commons-codec\commons-codec\1.6\commons-codec-1.6.jar;D:\DevInformatique\environnement\maven\repository\org\apache\maven\plugins\maven-site-plugin\3.3\maven-site-plugin-3.3.jar;D:\DevInformatique\environnement\maven\repository\org\apache\maven\reporting\maven-reporting-exec\1.1\maven-reporting-exec-1.1.jar;D:\DevInformatique\environnement\maven\repository\org\eclipse\aether\aether-util\0.9.0.M2\aether-util-0.9.0.M2.jar;D:\DevInformatique\environnement\maven\repository\org\apache\maven\maven-settings\3.0\maven-settings-3.0.jar;D:\DevInformatique\environnement\maven\repository\org\apache\maven\maven-settings-builder\3.0\maven-settings-builder-3.0.jar;D:\DevInformatique\environnement\maven\repository\org\apache\maven\doxia\doxia-sink-api\1.4\doxia-sink-api-1.4.jar;D:\DevInformatique\environnement\maven\repository\org\apache\maven\doxia\doxia-logging-api\1.4\doxia-logging-api-1.4.jar;D:\DevInformatique\environnement\maven\repository\org\apache\maven\doxia\doxia-core\1.4\doxia-core-1.4.jar;D:\DevInformatique\environnement\maven\repository\xerces\xercesImpl\2.9.1\xercesImpl-2.9.1.jar;D:\DevInformatique\environnement\maven\repository\org\apache\httpcomponents\httpclient\4.0.2\httpclient-4.0.2.jar;D:\DevInformatique\environnement\maven\repository\org\apache\httpcomponents\httpcore\4.0.1\httpcore-4.0.1.jar;D:\DevInformatique\environnement\maven\repository\org\apache\maven\doxia\doxia-module-xhtml\1.4\doxia-module-xhtml-1.4.jar;D:\DevInformatique\environnement\maven\repository\org\apache\maven\doxia\doxia-module-apt\1.4\doxia-module-apt-1.4.jar;D:\DevInformatique\environnement\maven\repository\org\apache\maven\doxia\doxia-module-xdoc\1.4\doxia-module-xdoc-1.4.jar;D:\DevInformatique\environnement\maven\repository\org\apache\maven\doxia\doxia-module-fml\1.4\doxia-module-fml-1.4.jar;D:\DevInformatique\environnement\maven\repository\org\apache\maven\doxia\doxia-module-markdown\1.4\doxia-module-markdown-1.4.jar;D:\DevInformatique\environnement\maven\repository\org\pegdown\pegdown\1.2.1\pegdown-1.2.1.jar;D:\DevInformatique\environnement\maven\repository\org\parboiled\parboiled-java\1.1.4\parboiled-java-1.1.4.jar;D:\DevInformatique\environnement\maven\repository\org\parboiled\parboiled-core\1.1.4\parboiled-core-1.1.4.jar;D:\DevInformatique\environnement\maven\repository\org\ow2\asm\asm-util\4.1\asm-util-4.1.jar;D:\DevInformatique\environnement\maven\repository\javax\servlet\servlet-api\2.5\servlet-api-2.5.jar;D:\DevInformatique\environnement\maven\repository\org\apache\maven\doxia\doxia-decoration-model\1.4\doxia-decoration-model-1.4.jar;D:\DevInformatique\environnement\maven\repository\org\apache\maven\doxia\doxia-integration-tools\1.5\doxia-integration-tools-1.5.jar;D:\DevInformatique\environnement\maven\repository\org\apache\maven\wagon\wagon-provider-api\1.0\wagon-provider-api-1.0.jar;D:\DevInformatique\environnement\maven\repository\org\codehaus\plexus\plexus-i18n\1.0-beta-7\plexus-i18n-1.0-beta-7.jar;D:\DevInformatique\environnement\maven\repository\org\apache\velocity\velocity\1.5\velocity-1.5.jar;D:\DevInformatique\environnement\maven\repository\oro\oro\2.0.8\oro-2.0.8.jar;D:\DevInformatique\environnement\maven\repository\org\codehaus\plexus\plexus-velocity\1.1.8\plexus-velocity-1.1.8.jar;D:\DevInformatique\environnement\maven\repository\org\mortbay\jetty\jetty\6.1.25\jetty-6.1.25.jar;D:\DevInformatique\environnement\maven\repository\org\mortbay\jetty\servlet-api\2.5-20081211\servlet-api-2.5-20081211.jar;D:\DevInformatique\environnement\maven\repository\org\mortbay\jetty\jetty-util\6.1.25\jetty-util-6.1.25.jar;D:\DevInformatique\environnement\maven\repository\commons-lang\commons-lang\2.5\commons-lang-2.5.jar;D:\DevInformatique\environnement\maven\repository\org\apache\maven\doxia\doxia-site-renderer\1.9.2\doxia-site-renderer-1.9.2.jar;D:\DevInformatique\environnement\maven\repository\org\apache\maven\doxia\doxia-skin-model\1.9.2\doxia-skin-model-1.9.2.jar;D:\DevInformatique\environnement\maven\repository\org\apache\maven\doxia\doxia-module-xhtml5\1.9.1\doxia-module-xhtml5-1.9.1.jar;D:\DevInformatique\environnement\maven\repository\org\codehaus\plexus\plexus-component-annotations\2.0.0\plexus-component-annotations-2.0.0.jar;D:\DevInformatique\environnement\maven\repository\org\codehaus\plexus\plexus-container-default\1.0-alpha-30\plexus-container-default-1.0-alpha-30.jar;D:\DevInformatique\environnement\maven\repository\org\apache\velocity\velocity-tools\2.0\velocity-tools-2.0.jar;D:\DevInformatique\environnement\maven\repository\commons-beanutils\commons-beanutils\1.7.0\commons-beanutils-1.7.0.jar;D:\DevInformatique\environnement\maven\repository\commons-digester\commons-digester\1.8\commons-digester-1.8.jar;D:\DevInformatique\environnement\maven\repository\commons-chain\commons-chain\1.1\commons-chain-1.1.jar;D:\DevInformatique\environnement\maven\repository\commons-logging\commons-logging\1.1\commons-logging-1.1.jar;D:\DevInformatique\environnement\maven\repository\dom4j\dom4j\1.1\dom4j-1.1.jar;D:\DevInformatique\environnement\maven\repository\commons-collections\commons-collections\3.2.2\commons-collections-3.2.2.jar;D:\DevInformatique\environnement\maven\repository\org\apache\commons\commons-lang3\3.8.1\commons-lang3-3.8.1.jar;D:\DevInformatique\environnement\maven\repository\org\junit\vintage\junit-vintage-engine\5.2.0\junit-vintage-engine-5.2.0.jar;D:\DevInformatique\environnement\maven\repository\junit\junit\4.12\junit-4.12.jar;D:\DevInformatique\environnement\maven\repository\org\hamcrest\hamcrest-core\1.3\hamcrest-core-1.3.jar;D:\DevInformatique\environnement\maven\repository\org\codehaus\mojo\findbugs-maven-plugin\3.0.5\findbugs-maven-plugin-3.0.5.jar;D:\DevInformatique\environnement\maven\repository\com\google\code\findbugs\findbugs\3.0.1\findbugs-3.0.1.jar;D:\DevInformatique\environnement\maven\repository\net\jcip\jcip-annotations\1.0\jcip-annotations-1.0.jar;D:\DevInformatique\environnement\maven\repository\com\google\code\findbugs\jsr305\2.0.1\jsr305-2.0.1.jar;D:\DevInformatique\environnement\maven\repository\com\google\code\findbugs\bcel-findbugs\6.0\bcel-findbugs-6.0.jar;D:\DevInformatique\environnement\maven\repository\com\google\code\findbugs\jFormatString\2.0.1\jFormatString-2.0.1.jar;D:\DevInformatique\environnement\maven\repository\org\ow2\asm\asm-debug-all\5.0.2\asm-debug-all-5.0.2.jar;D:\DevInformatique\environnement\maven\repository\com\apple\AppleJavaExtensions\1.4\AppleJavaExtensions-1.4.jar;D:\DevInformatique\environnement\maven\repository\jaxen\jaxen\1.1.6\jaxen-1.1.6.jar;D:\DevInformatique\environnement\maven\repository\org\apache\ant\ant\1.9.9\ant-1.9.9.jar;D:\DevInformatique\environnement\maven\repository\org\apache\ant\ant-launcher\1.9.9\ant-launcher-1.9.9.jar;D:\DevInformatique\environnement\maven\repository\org\codehaus\groovy\groovy\2.4.12\groovy-2.4.12.jar;D:\DevInformatique\environnement\maven\repository\org\codehaus\groovy\groovy-ant\2.4.12\groovy-ant-2.4.12.jar;D:\DevInformatique\environnement\maven\repository\org\apache\ant\ant-antlr\1.9.4\ant-antlr-1.9.4.jar;D:\DevInformatique\environnement\maven\repository\org\apache\ant\ant-junit\1.9.4\ant-junit-1.9.4.jar;D:\DevInformatique\environnement\maven\repository\org\codehaus\groovy\groovy-groovydoc\2.4.12\groovy-groovydoc-2.4.12.jar;D:\DevInformatique\environnement\maven\repository\org\codehaus\groovy\groovy-templates\2.4.12\groovy-templates-2.4.12.jar;D:\DevInformatique\environnement\maven\repository\org\codehaus\groovy\groovy-xml\2.4.12\groovy-xml-2.4.12.jar;D:\DevInformatique\environnement\maven\repository\org\apache\maven\maven-compat\3.5.0\maven-compat-3.5.0.jar;D:\DevInformatique\environnement\maven\repository\org\apache\maven\maven-resolver-provider\3.5.0\maven-resolver-provider-3.5.0.jar;D:\DevInformatique\environnement\maven\repository\org\apache\maven\resolver\maven-resolver-spi\1.0.3\maven-resolver-spi-1.0.3.jar;D:\DevInformatique\environnement\maven\repository\org\apache\maven\resolver\maven-resolver-api\1.0.3\maven-resolver-api-1.0.3.jar;D:\DevInformatique\environnement\maven\repository\org\apache\maven\resolver\maven-resolver-util\1.0.3\maven-resolver-util-1.0.3.jar;D:\DevInformatique\environnement\maven\repository\org\apache\maven\resolver\maven-resolver-impl\1.0.3\maven-resolver-impl-1.0.3.jar;D:\DevInformatique\environnement\maven\repository\org\eclipse\sisu\org.eclipse.sisu.plexus\0.3.3\org.eclipse.sisu.plexus-0.3.3.jar;D:\DevInformatique\environnement\maven\repository\javax\enterprise\cdi-api\1.0\cdi-api-1.0.jar;D:\DevInformatique\environnement\maven\repository\javax\annotation\jsr250-api\1.0\jsr250-api-1.0.jar;D:\DevInformatique\environnement\maven\repository\javax\inject\javax.inject\1\javax.inject-1.jar;D:\DevInformatique\environnement\maven\repository\org\eclipse\sisu\org.eclipse.sisu.inject\0.3.3\org.eclipse.sisu.inject-0.3.3.jar;D:\DevInformatique\environnement\maven\repository\org\apache\maven\shared\maven-doxia-tools\1.4\maven-doxia-tools-1.4.jar;D:\DevInformatique\environnement\maven\repository\org\apache\maven\maven-artifact-manager\2.2.1\maven-artifact-manager-2.2.1.jar;D:\DevInformatique\environnement\maven\repository\backport-util-concurrent\backport-util-concurrent\3.1\backport-util-concurrent-3.1.jar;D:\DevInformatique\environnement\maven\repository\org\codehaus\plexus\plexus-resources\1.1.0\plexus-resources-1.1.0.jar;D:\DevInformatique\environnement\maven\repository\org\sonatype\plexus\plexus-build-api\0.0.7\plexus-build-api-0.0.7.jar;D:\DevInformatique\environnement\maven\repository\com\github\stefanbirkner\system-rules\1.16.0\system-rules-1.16.0.jar;"/>
    <property name="java.vm.vendor" value="Oracle Corporation"/>
    <property name="sun.arch.data.model" value="64"/>
    <property name="user.variant" value=""/>
    <property name="java.vendor.url" value="http://java.oracle.com/"/>
    <property name="user.timezone" value=""/>
    <property name="java.vm.specification.version" value="1.8"/>
    <property name="os.name" value="Windows 10"/>
    <property name="user.country" value="FR"/>
    <property name="sun.java.launcher" value="SUN_STANDARD"/>
    <property name="sun.boot.library.path" value="C:\Program Files\OpenJDK\jdk-8.0.282.08-hotspot\jre\bin"/>
    <property name="sun.java.command" value="C:\Users\HODOR-~1\AppData\Local\Temp\surefire505455728286230920\surefirebooter7397302031957271986.jar C:\Users\Hodor-Fixe\AppData\Local\Temp\surefire505455728286230920 2021-04-21T14-31-24_114-jvmRun1 surefire4078379089971314631tmp surefire_06972055521023748805tmp"/>
    <property name="surefire.test.class.path" value="D:\DevInformatique\_OpenClasseRoom_DeveloppeurApllicationJava\P4_aulombard_geoffrey\parkingSystem\target\test-classes;D:\DevInformatique\_OpenClasseRoom_DeveloppeurApllicationJava\P4_aulombard_geoffrey\parkingSystem\target\classes;D:\DevInformatique\environnement\maven\repository\org\apache\logging\log4j\log4j-api\2.12.1\log4j-api-2.12.1.jar;D:\DevInformatique\environnement\maven\repository\org\apache\logging\log4j\log4j-core\2.12.1\log4j-core-2.12.1.jar;D:\DevInformatique\environnement\maven\repository\mysql\mysql-connector-java\8.0.17\mysql-connector-java-8.0.17.jar;D:\DevInformatique\environnement\maven\repository\com\google\protobuf\protobuf-java\3.6.1\protobuf-java-3.6.1.jar;D:\DevInformatique\environnement\maven\repository\org\junit\jupiter\junit-jupiter-api\5.3.2\junit-jupiter-api-5.3.2.jar;D:\DevInformatique\environnement\maven\repository\org\apiguardian\apiguardian-api\1.0.0\apiguardian-api-1.0.0.jar;D:\DevInformatique\environnement\maven\repository\org\opentest4j\opentest4j\1.1.1\opentest4j-1.1.1.jar;D:\DevInformatique\environnement\maven\repository\org\junit\platform\junit-platform-commons\1.3.2\junit-platform-commons-1.3.2.jar;D:\DevInformatique\environnement\maven\repository\org\junit\jupiter\junit-jupiter-engine\5.3.2\junit-jupiter-engine-5.3.2.jar;D:\DevInformatique\environnement\maven\repository\org\junit\platform\junit-platform-engine\1.3.2\junit-platform-engine-1.3.2.jar;D:\DevInformatique\environnement\maven\repository\org\mockito\mockito-junit-jupiter\2.23.4\mockito-junit-jupiter-2.23.4.jar;D:\DevInformatique\environnement\maven\repository\org\mockito\mockito-core\2.23.4\mockito-core-2.23.4.jar;D:\DevInformatique\environnement\maven\repository\net\bytebuddy\byte-buddy\1.9.3\byte-buddy-1.9.3.jar;D:\DevInformatique\environnement\maven\repository\net\bytebuddy\byte-buddy-agent\1.9.3\byte-buddy-agent-1.9.3.jar;D:\DevInformatique\environnement\maven\repository\org\objenesis\objenesis\2.6\objenesis-2.6.jar;D:\DevInformatique\environnement\maven\repository\org\jacoco\jacoco-maven-plugin\0.8.5\jacoco-maven-plugin-0.8.5.jar;D:\DevInformatique\environnement\maven\repository\org\apache\maven\maven-plugin-api\3.0\maven-plugin-api-3.0.jar;D:\DevInformatique\environnement\maven\repository\org\sonatype\sisu\sisu-inject-plexus\1.4.2\sisu-inject-plexus-1.4.2.jar;D:\DevInformatique\environnement\maven\repository\org\sonatype\sisu\sisu-inject-bean\1.4.2\sisu-inject-bean-1.4.2.jar;D:\DevInformatique\environnement\maven\repository\org\sonatype\sisu\sisu-guice\2.1.7\sisu-guice-2.1.7-noaop.jar;D:\DevInformatique\environnement\maven\repository\org\apache\maven\maven-core\3.0\maven-core-3.0.jar;D:\DevInformatique\environnement\maven\repository\org\apache\maven\maven-repository-metadata\3.0\maven-repository-metadata-3.0.jar;D:\DevInformatique\environnement\maven\repository\org\apache\maven\maven-model-builder\3.0\maven-model-builder-3.0.jar;D:\DevInformatique\environnement\maven\repository\org\apache\maven\maven-aether-provider\3.0\maven-aether-provider-3.0.jar;D:\DevInformatique\environnement\maven\repository\org\sonatype\aether\aether-impl\1.7\aether-impl-1.7.jar;D:\DevInformatique\environnement\maven\repository\org\sonatype\aether\aether-spi\1.7\aether-spi-1.7.jar;D:\DevInformatique\environnement\maven\repository\org\sonatype\aether\aether-api\1.7\aether-api-1.7.jar;D:\DevInformatique\environnement\maven\repository\org\sonatype\aether\aether-util\1.7\aether-util-1.7.jar;D:\DevInformatique\environnement\maven\repository\org\codehaus\plexus\plexus-classworlds\2.2.3\plexus-classworlds-2.2.3.jar;D:\DevInformatique\environnement\maven\repository\org\sonatype\plexus\plexus-sec-dispatcher\1.3\plexus-sec-dispatcher-1.3.jar;D:\DevInformatique\environnement\maven\repository\org\sonatype\plexus\plexus-cipher\1.4\plexus-cipher-1.4.jar;D:\DevInformatique\environnement\maven\repository\org\codehaus\plexus\plexus-utils\3.0.22\plexus-utils-3.0.22.jar;D:\DevInformatique\environnement\maven\repository\org\apache\maven\shared\file-management\1.2.1\file-management-1.2.1.jar;D:\DevInformatique\environnement\maven\repository\org\apache\maven\reporting\maven-reporting-api\3.0\maven-reporting-api-3.0.jar;D:\DevInformatique\environnement\maven\repository\org\apache\maven\reporting\maven-reporting-impl\2.1\maven-reporting-impl-2.1.jar;D:\DevInformatique\environnement\maven\repository\org\apache\maven\maven-project\2.0.10\maven-project-2.0.10.jar;D:\DevInformatique\environnement\maven\repository\org\apache\maven\maven-profile\2.0.10\maven-profile-2.0.10.jar;D:\DevInformatique\environnement\maven\repository\org\apache\maven\maven-plugin-registry\2.0.10\maven-plugin-registry-2.0.10.jar;D:\DevInformatique\environnement\maven\repository\commons-validator\commons-validator\1.2.0\commons-validator-1.2.0.jar;D:\DevInformatique\environnement\maven\repository\xml-apis\xml-apis\1.0.b2\xml-apis-1.0.b2.jar;D:\DevInformatique\environnement\maven\repository\org\jacoco\org.jacoco.agent\0.8.5\org.jacoco.agent-0.8.5-runtime.jar;D:\DevInformatique\environnement\maven\repository\org\jacoco\org.jacoco.core\0.8.5\org.jacoco.core-0.8.5.jar;D:\DevInformatique\environnement\maven\repository\org\ow2\asm\asm\7.2\asm-7.2.jar;D:\DevInformatique\environnement\maven\repository\org\ow2\asm\asm-commons\7.2\asm-commons-7.2.jar;D:\DevInformatique\environnement\maven\repository\org\ow2\asm\asm-analysis\7.2\asm-analysis-7.2.jar;D:\DevInformatique\environnement\maven\repository\org\ow2\asm\asm-tree\7.2\asm-tree-7.2.jar;D:\DevInformatique\environnement\maven\repository\org\jacoco\org.jacoco.report\0.8.5\org.jacoco.report-0.8.5.jar;D:\DevInformatique\environnement\maven\repository\org\apache\maven\plugins\maven-assembly-plugin\3.0.0\maven-assembly-plugin-3.0.0.jar;D:\DevInformatique\environnement\maven\repository\org\apache\maven\maven-artifact\3.0\maven-artifact-3.0.jar;D:\DevInformatique\environnement\maven\repository\org\apache\maven\maven-model\3.0\maven-model-3.0.jar;D:\DevInformatique\environnement\maven\repository\org\apache\maven\shared\maven-common-artifact-filters\3.0.1\maven-common-artifact-filters-3.0.1.jar;D:\DevInformatique\environnement\maven\repository\org\apache\maven\shared\maven-shared-utils\3.1.0\maven-shared-utils-3.1.0.jar;D:\DevInformatique\environnement\maven\repository\org\apache\maven\shared\maven-artifact-transfer\0.9.0\maven-artifact-transfer-0.9.0.jar;D:\DevInformatique\environnement\maven\repository\org\slf4j\slf4j-api\1.7.5\slf4j-api-1.7.5.jar;D:\DevInformatique\environnement\maven\repository\org\codehaus\plexus\plexus-interpolation\1.24\plexus-interpolation-1.24.jar;D:\DevInformatique\environnement\maven\repository\org\codehaus\plexus\plexus-archiver\3.4\plexus-archiver-3.4.jar;D:\DevInformatique\environnement\maven\repository\org\apache\commons\commons-compress\1.11\commons-compress-1.11.jar;D:\DevInformatique\environnement\maven\repository\org\iq80\snappy\snappy\0.4\snappy-0.4.jar;D:\DevInformatique\environnement\maven\repository\org\tukaani\xz\1.5\xz-1.5.jar;D:\DevInformatique\environnement\maven\repository\org\apache\maven\shared\maven-shared-io\3.0.0\maven-shared-io-3.0.0.jar;D:\DevInformatique\environnement\maven\repository\commons-io\commons-io\2.5\commons-io-2.5.jar;D:\DevInformatique\environnement\maven\repository\org\apache\maven\shared\maven-filtering\3.1.1\maven-filtering-3.1.1.jar;D:\DevInformatique\environnement\maven\repository\org\codehaus\plexus\plexus-io\2.7.1\plexus-io-2.7.1.jar;D:\DevInformatique\environnement\maven\repository\org\apache\maven\maven-archiver\3.1.1\maven-archiver-3.1.1.jar;D:\DevInformatique\environnement\maven\repository\commons-codec\commons-codec\1.6\commons-codec-1.6.jar;D:\DevInformatique\environnement\maven\repository\org\apache\maven\plugins\maven-site-plugin\3.3\maven-site-plugin-3.3.jar;D:\DevInformatique\environnement\maven\repository\org\apache\maven\reporting\maven-reporting-exec\1.1\maven-reporting-exec-1.1.jar;D:\DevInformatique\environnement\maven\repository\org\eclipse\aether\aether-util\0.9.0.M2\aether-util-0.9.0.M2.jar;D:\DevInformatique\environnement\maven\repository\org\apache\maven\maven-settings\3.0\maven-settings-3.0.jar;D:\DevInformatique\environnement\maven\repository\org\apache\maven\maven-settings-builder\3.0\maven-settings-builder-3.0.jar;D:\DevInformatique\environnement\maven\repository\org\apache\maven\doxia\doxia-sink-api\1.4\doxia-sink-api-1.4.jar;D:\DevInformatique\environnement\maven\repository\org\apache\maven\doxia\doxia-logging-api\1.4\doxia-logging-api-1.4.jar;D:\DevInformatique\environnement\maven\repository\org\apache\maven\doxia\doxia-core\1.4\doxia-core-1.4.jar;D:\DevInformatique\environnement\maven\repository\xerces\xercesImpl\2.9.1\xercesImpl-2.9.1.jar;D:\DevInformatique\environnement\maven\repository\org\apache\httpcomponents\httpclient\4.0.2\httpclient-4.0.2.jar;D:\DevInformatique\environnement\maven\repository\org\apache\httpcomponents\httpcore\4.0.1\httpcore-4.0.1.jar;D:\DevInformatique\environnement\maven\repository\org\apache\maven\doxia\doxia-module-xhtml\1.4\doxia-module-xhtml-1.4.jar;D:\DevInformatique\environnement\maven\repository\org\apache\maven\doxia\doxia-module-apt\1.4\doxia-module-apt-1.4.jar;D:\DevInformatique\environnement\maven\repository\org\apache\maven\doxia\doxia-module-xdoc\1.4\doxia-module-xdoc-1.4.jar;D:\DevInformatique\environnement\maven\repository\org\apache\maven\doxia\doxia-module-fml\1.4\doxia-module-fml-1.4.jar;D:\DevInformatique\environnement\maven\repository\org\apache\maven\doxia\doxia-module-markdown\1.4\doxia-module-markdown-1.4.jar;D:\DevInformatique\environnement\maven\repository\org\pegdown\pegdown\1.2.1\pegdown-1.2.1.jar;D:\DevInformatique\environnement\maven\repository\org\parboiled\parboiled-java\1.1.4\parboiled-java-1.1.4.jar;D:\DevInformatique\environnement\maven\repository\org\parboiled\parboiled-core\1.1.4\parboiled-core-1.1.4.jar;D:\DevInformatique\environnement\maven\repository\org\ow2\asm\asm-util\4.1\asm-util-4.1.jar;D:\DevInformatique\environnement\maven\repository\javax\servlet\servlet-api\2.5\servlet-api-2.5.jar;D:\DevInformatique\environnement\maven\repository\org\apache\maven\doxia\doxia-decoration-model\1.4\doxia-decoration-model-1.4.jar;D:\DevInformatique\environnement\maven\repository\org\apache\maven\doxia\doxia-integration-tools\1.5\doxia-integration-tools-1.5.jar;D:\DevInformatique\environnement\maven\repository\org\apache\maven\wagon\wagon-provider-api\1.0\wagon-provider-api-1.0.jar;D:\DevInformatique\environnement\maven\repository\org\codehaus\plexus\plexus-i18n\1.0-beta-7\plexus-i18n-1.0-beta-7.jar;D:\DevInformatique\environnement\maven\repository\org\apache\velocity\velocity\1.5\velocity-1.5.jar;D:\DevInformatique\environnement\maven\repository\oro\oro\2.0.8\oro-2.0.8.jar;D:\DevInformatique\environnement\maven\repository\org\codehaus\plexus\plexus-velocity\1.1.8\plexus-velocity-1.1.8.jar;D:\DevInformatique\environnement\maven\repository\org\mortbay\jetty\jetty\6.1.25\jetty-6.1.25.jar;D:\DevInformatique\environnement\maven\repository\org\mortbay\jetty\servlet-api\2.5-20081211\servlet-api-2.5-20081211.jar;D:\DevInformatique\environnement\maven\repository\org\mortbay\jetty\jetty-util\6.1.25\jetty-util-6.1.25.jar;D:\DevInformatique\environnement\maven\repository\commons-lang\commons-lang\2.5\commons-lang-2.5.jar;D:\DevInformatique\environnement\maven\repository\org\apache\maven\doxia\doxia-site-renderer\1.9.2\doxia-site-renderer-1.9.2.jar;D:\DevInformatique\environnement\maven\repository\org\apache\maven\doxia\doxia-skin-model\1.9.2\doxia-skin-model-1.9.2.jar;D:\DevInformatique\environnement\maven\repository\org\apache\maven\doxia\doxia-module-xhtml5\1.9.1\doxia-module-xhtml5-1.9.1.jar;D:\DevInformatique\environnement\maven\repository\org\codehaus\plexus\plexus-component-annotations\2.0.0\plexus-component-annotations-2.0.0.jar;D:\DevInformatique\environnement\maven\repository\org\codehaus\plexus\plexus-container-default\1.0-alpha-30\plexus-container-default-1.0-alpha-30.jar;D:\DevInformatique\environnement\maven\repository\org\apache\velocity\velocity-tools\2.0\velocity-tools-2.0.jar;D:\DevInformatique\environnement\maven\repository\commons-beanutils\commons-beanutils\1.7.0\commons-beanutils-1.7.0.jar;D:\DevInformatique\environnement\maven\repository\commons-digester\commons-digester\1.8\commons-digester-1.8.jar;D:\DevInformatique\environnement\maven\repository\commons-chain\commons-chain\1.1\commons-chain-1.1.jar;D:\DevInformatique\environnement\maven\repository\commons-logging\commons-logging\1.1\commons-logging-1.1.jar;D:\DevInformatique\environnement\maven\repository\dom4j\dom4j\1.1\dom4j-1.1.jar;D:\DevInformatique\environnement\maven\repository\commons-collections\commons-collections\3.2.2\commons-collections-3.2.2.jar;D:\DevInformatique\environnement\maven\repository\org\apache\commons\commons-lang3\3.8.1\commons-lang3-3.8.1.jar;D:\DevInformatique\environnement\maven\repository\org\junit\vintage\junit-vintage-engine\5.2.0\junit-vintage-engine-5.2.0.jar;D:\DevInformatique\environnement\maven\repository\junit\junit\4.12\junit-4.12.jar;D:\DevInformatique\environnement\maven\repository\org\hamcrest\hamcrest-core\1.3\hamcrest-core-1.3.jar;D:\DevInformatique\environnement\maven\repository\org\codehaus\mojo\findbugs-maven-plugin\3.0.5\findbugs-maven-plugin-3.0.5.jar;D:\DevInformatique\environnement\maven\repository\com\google\code\findbugs\findbugs\3.0.1\findbugs-3.0.1.jar;D:\DevInformatique\environnement\maven\repository\net\jcip\jcip-annotations\1.0\jcip-annotations-1.0.jar;D:\DevInformatique\environnement\maven\repository\com\google\code\findbugs\jsr305\2.0.1\jsr305-2.0.1.jar;D:\DevInformatique\environnement\maven\repository\com\google\code\findbugs\bcel-findbugs\6.0\bcel-findbugs-6.0.jar;D:\DevInformatique\environnement\maven\repository\com\google\code\findbugs\jFormatString\2.0.1\jFormatString-2.0.1.jar;D:\DevInformatique\environnement\maven\repository\org\ow2\asm\asm-debug-all\5.0.2\asm-debug-all-5.0.2.jar;D:\DevInformatique\environnement\maven\repository\com\apple\AppleJavaExtensions\1.4\AppleJavaExtensions-1.4.jar;D:\DevInformatique\environnement\maven\repository\jaxen\jaxen\1.1.6\jaxen-1.1.6.jar;D:\DevInformatique\environnement\maven\repository\org\apache\ant\ant\1.9.9\ant-1.9.9.jar;D:\DevInformatique\environnement\maven\repository\org\apache\ant\ant-launcher\1.9.9\ant-launcher-1.9.9.jar;D:\DevInformatique\environnement\maven\repository\org\codehaus\groovy\groovy\2.4.12\groovy-2.4.12.jar;D:\DevInformatique\environnement\maven\repository\org\codehaus\groovy\groovy-ant\2.4.12\groovy-ant-2.4.12.jar;D:\DevInformatique\environnement\maven\repository\org\apache\ant\ant-antlr\1.9.4\ant-antlr-1.9.4.jar;D:\DevInformatique\environnement\maven\repository\org\apache\ant\ant-junit\1.9.4\ant-junit-1.9.4.jar;D:\DevInformatique\environnement\maven\repository\org\codehaus\groovy\groovy-groovydoc\2.4.12\groovy-groovydoc-2.4.12.jar;D:\DevInformatique\environnement\maven\repository\org\codehaus\groovy\groovy-templates\2.4.12\groovy-templates-2.4.12.jar;D:\DevInformatique\environnement\maven\repository\org\codehaus\groovy\groovy-xml\2.4.12\groovy-xml-2.4.12.jar;D:\DevInformatique\environnement\maven\repository\org\apache\maven\maven-compat\3.5.0\maven-compat-3.5.0.jar;D:\DevInformatique\environnement\maven\repository\org\apache\maven\maven-resolver-provider\3.5.0\maven-resolver-provider-3.5.0.jar;D:\DevInformatique\environnement\maven\repository\org\apache\maven\resolver\maven-resolver-spi\1.0.3\maven-resolver-spi-1.0.3.jar;D:\DevInformatique\environnement\maven\repository\org\apache\maven\resolver\maven-resolver-api\1.0.3\maven-resolver-api-1.0.3.jar;D:\DevInformatique\environnement\maven\repository\org\apache\maven\resolver\maven-resolver-util\1.0.3\maven-resolver-util-1.0.3.jar;D:\DevInformatique\environnement\maven\repository\org\apache\maven\resolver\maven-resolver-impl\1.0.3\maven-resolver-impl-1.0.3.jar;D:\DevInformatique\environnement\maven\repository\org\eclipse\sisu\org.eclipse.sisu.plexus\0.3.3\org.eclipse.sisu.plexus-0.3.3.jar;D:\DevInformatique\environnement\maven\repository\javax\enterprise\cdi-api\1.0\cdi-api-1.0.jar;D:\DevInformatique\environnement\maven\repository\javax\annotation\jsr250-api\1.0\jsr250-api-1.0.jar;D:\DevInformatique\environnement\maven\repository\javax\inject\javax.inject\1\javax.inject-1.jar;D:\DevInformatique\environnement\maven\repository\org\eclipse\sisu\org.eclipse.sisu.inject\0.3.3\org.eclipse.sisu.inject-0.3.3.jar;D:\DevInformatique\environnement\maven\repository\org\apache\maven\shared\maven-doxia-tools\1.4\maven-doxia-tools-1.4.jar;D:\DevInformatique\environnement\maven\repository\org\apache\maven\maven-artifact-manager\2.2.1\maven-artifact-manager-2.2.1.jar;D:\DevInformatique\environnement\maven\repository\backport-util-concurrent\backport-util-concurrent\3.1\backport-util-concurrent-3.1.jar;D:\DevInformatique\environnement\maven\repository\org\codehaus\plexus\plexus-resources\1.1.0\plexus-resources-1.1.0.jar;D:\DevInformatique\environnement\maven\repository\org\sonatype\plexus\plexus-build-api\0.0.7\plexus-build-api-0.0.7.jar;D:\DevInformatique\environnement\maven\repository\com\github\stefanbirkner\system-rules\1.16.0\system-rules-1.16.0.jar;"/>
    <property name="sun.cpu.endian" value="little"/>
    <property name="user.home" value="C:\Users\Hodor-Fixe"/>
    <property name="user.language" value="fr"/>
    <property name="java.specification.vendor" value="Oracle Corporation"/>
    <property name="java.home" value="C:\Program Files\OpenJDK\jdk-8.0.282.08-hotspot\jre"/>
    <property name="basedir" value="D:\DevInformatique\_OpenClasseRoom_DeveloppeurApllicationJava\P4_aulombard_geoffrey\parkingSystem"/>
    <property name="file.separator" value="\"/>
    <property name="line.separator" value="&#10;"/>
    <property name="java.vm.specification.vendor" value="Oracle Corporation"/>
    <property name="java.specification.name" value="Java Platform API Specification"/>
    <property name="java.awt.graphicsenv" value="sun.awt.Win32GraphicsEnvironment"/>
    <property name="surefire.real.class.path" value="C:\Users\HODOR-~1\AppData\Local\Temp\surefire505455728286230920\surefirebooter7397302031957271986.jar;D:\\DevInformatique\\environnement\\maven\\repository\\org\\jacoco\\org.jacoco.agent\\0.8.5\\org.jacoco.agent-0.8.5-runtime.jar"/>
    <property name="sun.boot.class.path" value="C:\Program Files\OpenJDK\jdk-8.0.282.08-hotspot\jre\lib\resources.jar;C:\Program Files\OpenJDK\jdk-8.0.282.08-hotspot\jre\lib\rt.jar;C:\Program Files\OpenJDK\jdk-8.0.282.08-hotspot\jre\lib\sunrsasign.jar;C:\Program Files\OpenJDK\jdk-8.0.282.08-hotspot\jre\lib\jsse.jar;C:\Program Files\OpenJDK\jdk-8.0.282.08-hotspot\jre\lib\jce.jar;C:\Program Files\OpenJDK\jdk-8.0.282.08-hotspot\jre\lib\charsets.jar;C:\Program Files\OpenJDK\jdk-8.0.282.08-hotspot\jre\lib\jfr.jar;C:\Program Files\OpenJDK\jdk-8.0.282.08-hotspot\jre\classes"/>
    <property name="user.script" value=""/>
    <property name="sun.management.compiler" value="HotSpot 64-Bit Tiered Compilers"/>
    <property name="java.runtime.version" value="1.8.0-282-b08"/>
    <property name="user.name" value="Hodor-Fixe"/>
    <property name="path.separator" value=";"/>
    <property name="os.version" value="10.0"/>
    <property name="java.endorsed.dirs" value="C:\Program Files\OpenJDK\jdk-8.0.282.08-hotspot\jre\lib\endorsed"/>
    <property name="java.runtime.name" value="OpenJDK Runtime Environment"/>
    <property name="file.encoding" value="Cp1252"/>
    <property name="java.vm.name" value="OpenJDK 64-Bit Server VM"/>
    <property name="localRepository" value="D:\DevInformatique\environnement\maven\repository"/>
    <property name="java.vendor.url.bug" value="http://bugreport.sun.com/bugreport/"/>
    <property name="java.io.tmpdir" value="C:\Users\HODOR-~1\AppData\Local\Temp\"/>
    <property name="java.version" value="1.8.0-282"/>
    <property name="user.dir" value="D:\DevInformatique\_OpenClasseRoom_DeveloppeurApllicationJava\P4_aulombard_geoffrey\parkingSystem"/>
    <property name="os.arch" value="amd64"/>
    <property name="java.vm.specification.name" value="Java Virtual Machine Specification"/>
    <property name="java.awt.printerjob" value="sun.awt.windows.WPrinterJob"/>
    <property name="sun.os.patch.level" value=""/>
    <property name="java.library.path" value="C:\Program Files\OpenJDK\jdk-8.0.282.08-hotspot\jre\bin;C:\Windows\Sun\Java\bin;C:\Windows\system32;C:\Windows;C:\Program Files\OpenJDK\jdk-8.0.282.08-hotspot\bin;C:\Windows\system32;C:\Windows;C:\Windows\System32\Wbem;C:\Windows\System32\WindowsPowerShell\v1.0\;C:\Program Files (x86)\Intel\Intel(R) Management Engine Components\DAL;C:\Program Files\Intel\Intel(R) Management Engine Components\DAL;C:\Program Files\Git\cmd;C:\Program Files (x86)\NVIDIA Corporation\PhysX\Common;C:\Program Files\MySQL\MySQL Shell 8.0\bin\;C:\Program Files\OpenJDK\jdk-8.0.282.08-hotspot\bin;C:\Users\Hodor-Fixe\AppData\Local\Microsoft\WindowsApps;C:\Users\Hodor-Fixe\AppData\Local\GitHubDesktop\bin;D:\Program Files (x86)\Microsoft VS Code\bin;D:\DevInformatique\environnement\maven\apache-maven-3.6.3\bin;."/>
    <property name="java.vm.info" value="mixed mode"/>
    <property name="java.vendor" value="OpenLogic-OpenJDK"/>
    <property name="java.vm.version" value="25.71-b08"/>
    <property name="java.ext.dirs" value="C:\Program Files\OpenJDK\jdk-8.0.282.08-hotspot\jre\lib\ext;C:\Windows\Sun\Java\lib\ext"/>
    <property name="sun.io.unicode.encoding" value="UnicodeLittle"/>
    <property name="java.class.version" value="52.0"/>
  </properties>
  <testcase name="saveTicketTest_shouldThrowException_whenNoDBConnectionAvailable" classname="com.parkit.parkingsystem.dao.TicketDAOTest" time="0.585"/>
  <testcase name="getTicketTest_whenVehicleRegNumberNotExist" classname="com.parkit.parkingsystem.dao.TicketDAOTest" time="0.007"/>
  <testcase name="updateTicketTest_shouldThrowsException_WhenNoDBConnectionAvailable" classname="com.parkit.parkingsystem.dao.TicketDAOTest" time="0.266"/>
  <testcase name="saveTicketTest" classname="com.parkit.parkingsystem.dao.TicketDAOTest" time="0.003"/>
  <testcase name="getTicketTest_shouldThrowsException_WhenNoDBConnectionAvailable" classname="com.parkit.parkingsystem.dao.TicketDAOTest" time="0.237"/>
  <testcase name="updateTicketTest" classname="com.parkit.parkingsystem.dao.TicketDAOTest" time="0.025"/>
  <testcase name="saveTicketTest_WhenFail" classname="com.parkit.parkingsystem.dao.TicketDAOTest" time="0.249"/>
  <testcase name="getTicketTest" classname="com.parkit.parkingsystem.dao.TicketDAOTest" time="0.011"/>
  <testcase name="updateTicketTest_whenFail" classname="com.parkit.parkingsystem.dao.TicketDAOTest" time="0.001"/>
</testsuite>